0 info it worked if it ends with ok
1 verbose cli [ '/Users/joshthomas/.nvm/versions/node/v7.7.4/bin/node',
1 verbose cli   '/Users/joshthomas/.nvm/versions/node/v7.7.4/bin/npm',
1 verbose cli   'run',
1 verbose cli   'start' ]
2 info using npm@4.1.2
3 info using node@v7.7.4
4 verbose run-script [ 'prestart', 'start', 'poststart' ]
5 info lifecycle madjavascript.com@3.0.0~prestart: madjavascript.com@3.0.0
6 verbose lifecycle madjavascript.com@3.0.0~prestart: unsafe-perm in lifecycle true
7 verbose lifecycle madjavascript.com@3.0.0~prestart: PATH: /Users/joshthomas/.nvm/versions/node/v7.7.4/lib/node_modules/npm/bin/node-gyp-bin:/Users/joshthomas/Workspace/madjs.github.io/node_modules/.bin:/Users/joshthomas/.nvm/versions/node/v7.7.4/bin:/Users/joshthomas/.yarn/bin:/Users/joshthomas/utils:/usr/local/bin:/usr/bin:/bin:/usr/sbin:/sbin
8 verbose lifecycle madjavascript.com@3.0.0~prestart: CWD: /Users/joshthomas/Workspace/madjs.github.io
9 silly lifecycle madjavascript.com@3.0.0~prestart: Args: [ '-c', 'npm run build' ]
10 silly lifecycle madjavascript.com@3.0.0~prestart: Returned: code: 1  signal: null
11 info lifecycle madjavascript.com@3.0.0~prestart: Failed to exec prestart script
12 verbose stack Error: madjavascript.com@3.0.0 prestart: `npm run build`
12 verbose stack Exit status 1
12 verbose stack     at EventEmitter.<anonymous> (/Users/joshthomas/.nvm/versions/node/v7.7.4/lib/node_modules/npm/lib/utils/lifecycle.js:279:16)
12 verbose stack     at emitTwo (events.js:106:13)
12 verbose stack     at EventEmitter.emit (events.js:194:7)
12 verbose stack     at ChildProcess.<anonymous> (/Users/joshthomas/.nvm/versions/node/v7.7.4/lib/node_modules/npm/lib/utils/spawn.js:40:14)
12 verbose stack     at emitTwo (events.js:106:13)
12 verbose stack     at ChildProcess.emit (events.js:194:7)
12 verbose stack     at maybeClose (internal/child_process.js:899:16)
12 verbose stack     at Process.ChildProcess._handle.onexit (internal/child_process.js:226:5)
13 verbose pkgid madjavascript.com@3.0.0
14 verbose cwd /Users/joshthomas/Workspace/madjs.github.io
15 error Darwin 16.4.0
16 error argv "/Users/joshthomas/.nvm/versions/node/v7.7.4/bin/node" "/Users/joshthomas/.nvm/versions/node/v7.7.4/bin/npm" "run" "start"
17 error node v7.7.4
18 error npm  v4.1.2
19 error code ELIFECYCLE
20 error madjavascript.com@3.0.0 prestart: `npm run build`
20 error Exit status 1
21 error Failed at the madjavascript.com@3.0.0 prestart script 'npm run build'.
21 error Make sure you have the latest version of node.js and npm installed.
21 error If you do, this is most likely a problem with the madjavascript.com package,
21 error not with npm itself.
21 error Tell the author that this fails on your system:
21 error     npm run build
21 error You can get information on how to open an issue for this project with:
21 error     npm bugs madjavascript.com
21 error Or if that isn't available, you can get their info via:
21 error     npm owner ls madjavascript.com
21 error There is likely additional logging output above.
22 verbose exit [ 1, true ]
